<?xml version="1.0" encoding="UTF-8"?>
<!-- Generated by org.testng.reporters.JUnitReportReporter -->
<testsuite hostname="LAPTOP-QBNMF542" failures="0" tests="3" name="products.Products" time="0.028" errors="0" timestamp="2022-12-23T11:36:39 IST" skipped="0">
  <testcase classname="products.Products" name="modifyProduct" time="0.012"/>
  <system-out/>
  <testcase classname="products.Products" name="deleteProduct" time="0.002"/>
  <system-out/>
  <testcase classname="products.Products" name="createProduct" time="0.014"/>
  <system-out/>
</testsuite> <!-- products.Products -->
