<?xml version="1.0" encoding="UTF-8"?>
<!-- Generated by org.testng.reporters.JUnitReportReporter -->
<testsuite hostname="LAPTOP-QBNMF542" failures="0" tests="8" name="com.assignmenttestng.Assignment2" time="32.636" errors="0" timestamp="2022-12-28T15:24:49 IST" skipped="0">
  <testcase classname="com.assignmenttestng.Assignment2" name="launchbrowser" time="1.289"/>
  <system-out/>
  <testcase classname="com.assignmenttestng.Assignment2" name="navigate" time="0.796"/>
  <system-out/>
  <testcase classname="com.assignmenttestng.Assignment2" name="login" time="3.430"/>
  <system-out/>
  <testcase classname="com.assignmenttestng.Assignment2" name="createUser" time="9.571"/>
  <system-out/>
  <testcase classname="com.assignmenttestng.Assignment2" name="modifyUser" time="6.731"/>
  <system-out/>
  <testcase classname="com.assignmenttestng.Assignment2" name="deleteUser" time="5.237"/>
  <system-out/>
  <testcase classname="com.assignmenttestng.Assignment2" name="logout" time="2.248"/>
  <system-out/>
  <testcase classname="com.assignmenttestng.Assignment2" name="close" time="3.334"/>
  <system-out/>
</testsuite> <!-- com.assignmenttestng.Assignment2 -->
