<?xml version="1.0" encoding="UTF-8"?>
<!-- Generated by org.testng.reporters.JUnitReportReporter -->
<testsuite hostname="LAPTOP-QBNMF542" failures="0" tests="1" name="com.products.Products" time="0.001" errors="0" timestamp="2022-12-24T06:35:08 IST" skipped="0">
  <testcase classname="com.products.Products" name="logout" time="0.001"/>
  <system-out/>
</testsuite> <!-- com.products.Products -->
