<?xml version="1.0" encoding="UTF-8"?>
<!-- Generated by org.testng.reporters.JUnitReportReporter -->
<testsuite hostname="LAPTOP-QBNMF542" failures="0" tests="9" name="com.assignmenttestng.Assignment6" time="44.089" errors="0" timestamp="2022-12-28T15:24:49 IST" skipped="0">
  <testcase classname="com.assignmenttestng.Assignment6" name="launchbrowser" time="0.980"/>
  <system-out/>
  <testcase classname="com.assignmenttestng.Assignment6" name="navigate" time="0.833"/>
  <system-out/>
  <testcase classname="com.assignmenttestng.Assignment6" name="login" time="3.368"/>
  <system-out/>
  <testcase classname="com.assignmenttestng.Assignment6" name="createCustomer" time="6.933"/>
  <system-out/>
  <testcase classname="com.assignmenttestng.Assignment6" name="createProject" time="9.511"/>
  <system-out/>
  <testcase classname="com.assignmenttestng.Assignment6" name="deleteProject" time="8.428"/>
  <system-out/>
  <testcase classname="com.assignmenttestng.Assignment6" name="deleteCustomer" time="8.372"/>
  <system-out/>
  <testcase classname="com.assignmenttestng.Assignment6" name="logout" time="2.275"/>
  <system-out/>
  <testcase classname="com.assignmenttestng.Assignment6" name="close" time="3.389"/>
  <system-out/>
</testsuite> <!-- com.assignmenttestng.Assignment6 -->
