<?xml version="1.0" encoding="UTF-8"?>
<!-- Generated by org.testng.reporters.JUnitReportReporter -->
<testsuite hostname="LAPTOP-QBNMF542" failures="0" tests="11" name="com.assignmenttestng.Assignment8" time="69.531" errors="0" timestamp="2022-12-28T15:24:49 IST" skipped="0">
  <testcase classname="com.assignmenttestng.Assignment8" name="launchbrowser" time="1.047"/>
  <system-out/>
  <testcase classname="com.assignmenttestng.Assignment8" name="navigate" time="0.785"/>
  <system-out/>
  <testcase classname="com.assignmenttestng.Assignment8" name="login" time="3.395"/>
  <system-out/>
  <testcase classname="com.assignmenttestng.Assignment8" name="createCustomer" time="8.879"/>
  <system-out/>
  <testcase classname="com.assignmenttestng.Assignment8" name="createProject" time="11.520"/>
  <system-out/>
  <testcase classname="com.assignmenttestng.Assignment8" name="createTasks" time="8.900"/>
  <system-out/>
  <testcase classname="com.assignmenttestng.Assignment8" name="deleteTasks" time="14.574"/>
  <system-out/>
  <testcase classname="com.assignmenttestng.Assignment8" name="deleteProject" time="8.472"/>
  <system-out/>
  <testcase classname="com.assignmenttestng.Assignment8" name="deleteCustomer" time="6.430"/>
  <system-out/>
  <testcase classname="com.assignmenttestng.Assignment8" name="logout" time="2.268"/>
  <system-out/>
  <testcase classname="com.assignmenttestng.Assignment8" name="close" time="3.261"/>
  <system-out/>
</testsuite> <!-- com.assignmenttestng.Assignment8 -->
