<?xml version="1.0" encoding="UTF-8"?>
<!-- Generated by org.testng.reporters.JUnitReportReporter -->
<testsuite hostname="LAPTOP-QBNMF542" failures="0" tests="3" name="users.Users" time="0.011" errors="0" timestamp="2022-12-23T11:36:39 IST" skipped="0">
  <testcase classname="users.Users" name="modifyUser" time="0.002"/>
  <system-out/>
  <testcase classname="users.Users" name="createUser" time="0.007"/>
  <system-out/>
  <testcase classname="users.Users" name="deleteUser" time="0.002"/>
  <system-out/>
</testsuite> <!-- users.Users -->
