<?xml version="1.0" encoding="UTF-8"?>
<!-- Generated by org.testng.reporters.JUnitReportReporter -->
<testsuite hostname="LAPTOP-QBNMF542" failures="0" tests="19" name="com.assignmenttestng.Assignment3" time="183.174" errors="0" timestamp="2022-12-28T15:24:49 IST" skipped="0">
  <testcase classname="com.assignmenttestng.Assignment3" name="launchBrowser" time="1.053"/>
  <system-out/>
  <testcase classname="com.assignmenttestng.Assignment3" name="navigate" time="2.804"/>
  <system-out/>
  <testcase classname="com.assignmenttestng.Assignment3" name="login" time="4.355"/>
  <system-out/>
  <testcase classname="com.assignmenttestng.Assignment3" name="createUser1" time="7.417"/>
  <system-out/>
  <testcase classname="com.assignmenttestng.Assignment3" name="createUser2" time="4.857"/>
  <system-out/>
  <testcase classname="com.assignmenttestng.Assignment3" name="createUser3" time="6.666"/>
  <system-out/>
  <testcase classname="com.assignmenttestng.Assignment3" name="logout55" time="1.206"/>
  <system-out/>
  <testcase classname="com.assignmenttestng.Assignment3" name="loginAsUser1" time="7.532"/>
  <system-out/>
  <testcase classname="com.assignmenttestng.Assignment3" name="loginAsUser2" time="7.569"/>
  <system-out/>
  <testcase classname="com.assignmenttestng.Assignment3" name="loginAsUser3" time="7.486"/>
  <system-out/>
  <testcase classname="com.assignmenttestng.Assignment3" name="loginAsUsersToModifyPassword" time="33.703"/>
  <system-out/>
  <testcase classname="com.assignmenttestng.Assignment3" name="logout1" time="2.248"/>
  <system-out/>
  <testcase classname="com.assignmenttestng.Assignment3" name="loginAsUsersAfterModifyingPassword" time="13.381"/>
  <system-out/>
  <testcase classname="com.assignmenttestng.Assignment3" name="loginagain" time="2.280"/>
  <system-out/>
  <testcase classname="com.assignmenttestng.Assignment3" name="modifyPasswordofUsersAfterAdminLogin" time="43.456"/>
  <system-out/>
  <testcase classname="com.assignmenttestng.Assignment3" name="login3" time="6.369"/>
  <system-out/>
  <testcase classname="com.assignmenttestng.Assignment3" name="deleteUsers" time="23.102"/>
  <system-out/>
  <testcase classname="com.assignmenttestng.Assignment3" name="logout" time="4.244"/>
  <system-out/>
  <testcase classname="com.assignmenttestng.Assignment3" name="close" time="3.446"/>
  <system-out/>
</testsuite> <!-- com.assignmenttestng.Assignment3 -->
