<?xml version="1.0" encoding="UTF-8"?>
<!-- Generated by org.testng.reporters.JUnitReportReporter -->
<testsuite hostname="LAPTOP-QBNMF542" failures="0" tests="7" name="com.assignmenttestng.Assignment4" time="26.008" errors="0" timestamp="2022-12-28T15:24:49 IST" skipped="0">
  <testcase classname="com.assignmenttestng.Assignment4" name="launchbrowser" time="0.985"/>
  <system-out/>
  <testcase classname="com.assignmenttestng.Assignment4" name="navigate" time="0.784"/>
  <system-out/>
  <testcase classname="com.assignmenttestng.Assignment4" name="login" time="3.372"/>
  <system-out/>
  <testcase classname="com.assignmenttestng.Assignment4" name="createCustomer" time="6.943"/>
  <system-out/>
  <testcase classname="com.assignmenttestng.Assignment4" name="deleteCustomer" time="8.368"/>
  <system-out/>
  <testcase classname="com.assignmenttestng.Assignment4" name="logout" time="2.224"/>
  <system-out/>
  <testcase classname="com.assignmenttestng.Assignment4" name="close" time="3.332"/>
  <system-out/>
</testsuite> <!-- com.assignmenttestng.Assignment4 -->
