<?xml version="1.0" encoding="UTF-8"?>
<!-- Generated by org.testng.reporters.JUnitReportReporter -->
<testsuite hostname="LAPTOP-QBNMF542" failures="0" tests="8" name="com.assignmenttestng.Assignment1" time="34.742" errors="0" timestamp="2022-12-28T15:24:49 IST" skipped="0">
  <testcase classname="com.assignmenttestng.Assignment1" name="automation" time="8.891"/>
  <system-out/>
  <testcase classname="com.assignmenttestng.Assignment1" name="navigate" time="1.518"/>
  <system-out/>
  <testcase classname="com.assignmenttestng.Assignment1" name="login" time="4.959"/>
  <system-out/>
  <testcase classname="com.assignmenttestng.Assignment1" name="minimize" time="2.297"/>
  <system-out/>
  <testcase classname="com.assignmenttestng.Assignment1" name="createuser" time="5.338"/>
  <system-out/>
  <testcase classname="com.assignmenttestng.Assignment1" name="delete" time="6.459"/>
  <system-out/>
  <testcase classname="com.assignmenttestng.Assignment1" name="logout" time="1.321"/>
  <system-out/>
  <testcase classname="com.assignmenttestng.Assignment1" name="close" time="3.959"/>
  <system-out/>
</testsuite> <!-- com.assignmenttestng.Assignment1 -->
