<?xml version="1.0" encoding="UTF-8"?>
<!-- Generated by org.testng.reporters.JUnitReportReporter -->
<testsuite hostname="LAPTOP-QBNMF542" failures="0" tests="1" name="com.users.Users" time="0.011" errors="0" timestamp="2022-12-24T06:35:08 IST" skipped="0">
  <testcase classname="com.users.Users" name="logoutuser" time="0.011"/>
  <system-out/>
</testsuite> <!-- com.users.Users -->
