<?xml version="1.0" encoding="UTF-8"?>
<!-- Generated by org.testng.reporters.JUnitReportReporter -->
<testsuite hostname="LAPTOP-QBNMF542" failures="0" tests="7" name="com.assignmenttestng.Assignment5" time="53.618" errors="0" timestamp="2022-12-28T15:24:49 IST" skipped="0">
  <testcase classname="com.assignmenttestng.Assignment5" name="launchbrowser" time="1.014"/>
  <system-out/>
  <testcase classname="com.assignmenttestng.Assignment5" name="navigate" time="0.808"/>
  <system-out/>
  <testcase classname="com.assignmenttestng.Assignment5" name="login" time="3.394"/>
  <system-out/>
  <testcase classname="com.assignmenttestng.Assignment5" name="createCustomer" time="6.913"/>
  <system-out/>
  <testcase classname="com.assignmenttestng.Assignment5" name="modifyCustomer" time="35.867"/>
  <system-out/>
  <testcase classname="com.assignmenttestng.Assignment5" name="logout" time="2.292"/>
  <system-out/>
  <testcase classname="com.assignmenttestng.Assignment5" name="close" time="3.330"/>
  <system-out/>
</testsuite> <!-- com.assignmenttestng.Assignment5 -->
