<?xml version="1.0" encoding="UTF-8"?>
<!-- Generated by org.testng.reporters.JUnitReportReporter -->
<testsuite hostname="LAPTOP-QBNMF542" failures="0" tests="10" name="com.assignmenttestng.Assignment7" time="55.643" errors="0" timestamp="2022-12-28T15:24:49 IST" skipped="0">
  <testcase classname="com.assignmenttestng.Assignment7" name="launchbrowser" time="1.361"/>
  <system-out/>
  <testcase classname="com.assignmenttestng.Assignment7" name="navigate" time="0.745"/>
  <system-out/>
  <testcase classname="com.assignmenttestng.Assignment7" name="login" time="3.423"/>
  <system-out/>
  <testcase classname="com.assignmenttestng.Assignment7" name="createCustomer" time="6.936"/>
  <system-out/>
  <testcase classname="com.assignmenttestng.Assignment7" name="createProject" time="12.214"/>
  <system-out/>
  <testcase classname="com.assignmenttestng.Assignment7" name="modifyProject" time="8.540"/>
  <system-out/>
  <testcase classname="com.assignmenttestng.Assignment7" name="deleteProject" time="8.422"/>
  <system-out/>
  <testcase classname="com.assignmenttestng.Assignment7" name="deleteCustomer" time="8.433"/>
  <system-out/>
  <testcase classname="com.assignmenttestng.Assignment7" name="logout" time="2.299"/>
  <system-out/>
  <testcase classname="com.assignmenttestng.Assignment7" name="close" time="3.270"/>
  <system-out/>
</testsuite> <!-- com.assignmenttestng.Assignment7 -->
