<?xml version="1.0" encoding="UTF-8"?>
<!-- Generated by org.testng.reporters.JUnitReportReporter -->
<testsuite hostname="LAPTOP-QBNMF542" failures="0" tests="7" name="com.assignmenttestng.Assignment9" time="35.268" errors="0" timestamp="2022-12-28T15:24:49 IST" skipped="0">
  <testcase classname="com.assignmenttestng.Assignment9" name="launchbrowser" time="1.123"/>
  <system-out/>
  <testcase classname="com.assignmenttestng.Assignment9" name="navigate" time="0.782"/>
  <system-out/>
  <testcase classname="com.assignmenttestng.Assignment9" name="login" time="3.398"/>
  <system-out/>
  <testcase classname="com.assignmenttestng.Assignment9" name="importTasks" time="18.121"/>
  <system-out/>
  <testcase classname="com.assignmenttestng.Assignment9" name="deleteTask" time="6.319"/>
  <system-out/>
  <testcase classname="com.assignmenttestng.Assignment9" name="logout" time="2.255"/>
  <system-out/>
  <testcase classname="com.assignmenttestng.Assignment9" name="close" time="3.270"/>
  <system-out/>
</testsuite> <!-- com.assignmenttestng.Assignment9 -->
